<?xml version="1.0" encoding="UTF-8"?>
<!-- Generated by org.testng.reporters.JUnitXMLReporter -->
<testsuite hostname="ShowStopper-PC" name="Firefox Test" tests="4" failures="0" timestamp="3 Sep 2017 16:10:05 GMT" time="0.042" errors="0">
  <testcase name="f" time="0.001" classname="Tools_QA.MultiBrowser"/>
  <testcase name="three" time="0.0" classname="Tools_QA.TestNG_Priority"/>
  <testcase name="four" time="0.0" classname="Tools_QA.TestNG_Priority"/>
  <testcase name="six" time="0.0" classname="Tools_QA.TestNG_Priority"/>
</testsuite> <!-- Firefox Test -->
