<?xml version="1.0" encoding="UTF-8"?>
<!-- Generated by org.testng.reporters.JUnitXMLReporter -->
<testsuite hostname="ShowStopper-PC" name="Practicing Groups Test" tests="9" failures="0" timestamp="20 Jul 2016 17:13:10 GMT" time="0.14" errors="0">
  <testcase name="bike" time="0.007" classname="Tools_QA.TestNG_all_annotations"/>
  <testcase name="car1" time="0.002" classname="Tools_QA.TestNG_all_annotations"/>
  <testcase name="car2" time="0.002" classname="Tools_QA.TestNG_all_annotations"/>
  <testcase name="car3" time="0.001" classname="Tools_QA.TestNG_all_annotations"/>
  <testcase name="scooter2" time="0.003" classname="Tools_QA.TestNG_all_annotations"/>
  <testcase name="scooterbike" time="0.003" classname="Tools_QA.TestNG_all_annotations"/>
  <testcase name="test1" time="0.008" classname="Tools_QA.TestNG_all_annotations"/>
  <testcase name="test2" time="0.002" classname="Tools_QA.TestNG_all_annotations"/>
  <testcase name="scooter1" time="0.002" classname="Tools_QA.TestNG_all_annotations"/>
</testsuite> <!-- Practicing Groups Test -->
