<?xml version="1.0" encoding="UTF-8"?>
<!-- Generated by org.testng.reporters.JUnitXMLReporter -->
<testsuite hostname="ShowStopper-PC" name="Practicing Groups" tests="10" failures="0" timestamp="20 Jul 2016 20:04:28 GMT" time="14.371" errors="0">
  <testcase name="bike" time="0.008" classname="Tools_QA.TestNG_all_annotations"/>
  <testcase name="car1" time="0.003" classname="Tools_QA.TestNG_all_annotations"/>
  <testcase name="car2" time="0.002" classname="Tools_QA.TestNG_all_annotations"/>
  <testcase name="car3" time="0.002" classname="Tools_QA.TestNG_all_annotations"/>
  <testcase name="scooter2" time="0.002" classname="Tools_QA.TestNG_all_annotations"/>
  <testcase name="scooter1" time="0.001" classname="Tools_QA.TestNG_all_annotations"/>
  <testcase name="three" time="0.002" classname="Tools_QA.TestNG_Priority"/>
  <testcase name="six" time="0.001" classname="Tools_QA.TestNG_Priority"/>
  <testcase name="Method1" time="7.907" classname="Tools_QA.Reporting"/>
  <testcase name="Method2" time="6.305" classname="Tools_QA.Reporting"/>
</testsuite> <!-- Practicing Groups -->
