<?xml version="1.0" encoding="UTF-8"?>
<!-- Generated by org.testng.reporters.JUnitXMLReporter -->
<testsuite hostname="ShowStopper-PC" name="Test 1" tests="3" failures="0" timestamp="3 May 2016 19:26:34 GMT" time="0.065" errors="0">
  <testcase name="car1" time="0.019" classname="Tools_QA.TestNG_all_annotations"/>
  <testcase name="car2" time="0.004" classname="Tools_QA.TestNG_all_annotations"/>
  <testcase name="car3" time="0.003" classname="Tools_QA.TestNG_all_annotations"/>
</testsuite> <!-- Test 1 -->
